<?xml version="1.0" encoding="UTF-8"?>
<!-- Generated by org.testng.reporters.JUnitReportReporter -->
<testsuite hostname="DESKTOP-VVAL1QD" failures="0" tests="1" name="testlogin.TestNG_Login" time="15.852" errors="0" timestamp="2022-04-12T23:12:13 ICT" skipped="0">
  <testcase classname="testlogin.TestNG_Login" name="LoginTest" time="15.852"/>
  <system-out/>
</testsuite> <!-- testlogin.TestNG_Login -->
